<?xml version="1.0" encoding="UTF-8"?>
<!-- Generated by org.testng.reporters.JUnitReportReporter -->
<testsuite hostname="LAPTOP-4RFCIL1O" failures="0" tests="1" name="JenkinsPractice.JenkinsDemo" time="0.015" errors="0" timestamp="2022-03-15T13:15:34 IST" skipped="0">
  <testcase classname="JenkinsPractice.JenkinsDemo" name="jeckinsDemo" time="0.015"/>
  <system-out/>
</testsuite> <!-- JenkinsPractice.JenkinsDemo -->
